<?xml version="1.0" encoding="UTF-8"?>
<testsuite xmlns:xsi="http://www.w3.org/2001/XMLSchema-instance" xsi:noNamespaceSchemaLocation="https://maven.apache.org/surefire/maven-surefire-plugin/xsd/surefire-test-report-3.0.xsd" version="3.0" name="uk.ac.ucl.comp0010.GroupProjectApplicationTests" time="4.022" tests="1" errors="0" skipped="0" failures="0">
  <properties>
[...]
</properties>
  <testcase name="contextLoads" classname="uk.ac.ucl.comp0010.GroupProjectApplicationTests" time="0.007">
    <system-out><![CDATA[2024-12-05T15:52:04.179Z  INFO 17361 --- [GroupProject] [           main] t.c.s.AnnotationConfigContextLoaderUtils : Could not detect default configuration classes for test class [uk.ac.ucl.comp0010.GroupProjectApplicationTests]: GroupProjectApplicationTests does not declare any static, non-private, non-final, nested classes annotated with @Configuration.
2024-12-05T15:52:04.288Z  INFO 17361 --- [GroupProject] [           main] .b.t.c.SpringBootTestContextBootstrapper : Found @SpringBootConfiguration uk.ac.ucl.comp0010.GroupProjectApplication for test class uk.ac.ucl.comp0010.GroupProjectApplicationTests
2024-12-05T15:52:04.301Z  INFO 17361 --- [GroupProject] [           main] o.s.b.d.r.RestartApplicationListener     : Restart disabled due to context in which it is running

  .   ____          _            __ _ _
 /\\ / ___'_ __ _ _(_)_ __  __ _ \ \ \ \
( ( )\___ | '_ | '_| | '_ \/ _` | \ \ \ \
 \\/  ___)| |_)| | | | | || (_| |  ) ) ) )
  '  |____| .__|_| |_|_| |_\__, | / / / /
 =========|_|==============|___/=/_/_/_/

 :: Spring Boot ::                (v3.3.5)

2024-12-05T15:52:04.444Z  INFO 17361 --- [GroupProject] [           main] u.a.u.c.GroupProjectApplicationTests     : Starting GroupProjectApplicationTests using Java 22 with PID 17361 (started by syedaliabbas in /mnt/c/Users/Ali/eclipse-workspace/G-05/GroupProject)
2024-12-05T15:52:04.444Z  INFO 17361 --- [GroupProject] [           main] u.a.u.c.GroupProjectApplicationTests     : No active profile set, falling back to 1 default profile: "default"
2024-12-05T15:52:05.877Z  INFO 17361 --- [GroupProject] [           main] .s.d.r.c.RepositoryConfigurationDelegate : Bootstrapping Spring Data JPA repositories in DEFAULT mode.
2024-12-05T15:52:06.110Z  INFO 17361 --- [GroupProject] [           main] .s.d.r.c.RepositoryConfigurationDelegate : Finished Spring Data repository scanning in 232 ms. Found 4 JPA repository interfaces.
2024-12-05T15:52:06.294Z  INFO 17361 --- [GroupProject] [           main] com.zaxxer.hikari.HikariDataSource       : HikariPool-2 - Starting...
2024-12-05T15:52:06.296Z  INFO 17361 --- [GroupProject] [           main] com.zaxxer.hikari.pool.HikariPool        : HikariPool-2 - Added connection conn10: url=jdbc:h2:mem:test user=SA
2024-12-05T15:52:06.297Z  INFO 17361 --- [GroupProject] [           main] com.zaxxer.hikari.HikariDataSource       : HikariPool-2 - Start completed.
2024-12-05T15:52:06.463Z  INFO 17361 --- [GroupProject] [           main] o.hibernate.jpa.internal.util.LogHelper  : HHH000204: Processing PersistenceUnitInfo [name: default]
2024-12-05T15:52:06.509Z  INFO 17361 --- [GroupProject] [           main] o.h.c.internal.RegionFactoryInitiator    : HHH000026: Second-level cache disabled
2024-12-05T15:52:06.611Z  INFO 17361 --- [GroupProject] [           main] o.s.o.j.p.SpringPersistenceUnitInfo      : No LoadTimeWeaver setup: ignoring JPA class transformer
2024-12-05T15:52:07.028Z  INFO 17361 --- [GroupProject] [           main] o.h.e.t.j.p.i.JtaPlatformInitiator       : HHH000489: No JTA platform available (set 'hibernate.transaction.jta.platform' to enable JTA platform integration)
2024-12-05T15:52:07.050Z  INFO 17361 --- [GroupProject] [           main] j.LocalContainerEntityManagerFactoryBean : Initialized JPA EntityManagerFactory for persistence unit 'default'
2024-12-05T15:52:07.218Z  WARN 17361 --- [GroupProject] [           main] JpaBaseConfiguration$JpaWebConfiguration : spring.jpa.open-in-view is enabled by default. Therefore, database queries may be performed during view rendering. Explicitly configure spring.jpa.open-in-view to disable this warning
2024-12-05T15:52:07.334Z  WARN 17361 --- [GroupProject] [           main] .s.s.UserDetailsServiceAutoConfiguration : 

Using generated security password: b5b39d7e-9c48-4159-9f0b-c77e12e3dfe6

This generated password is for development use only. Your security configuration must be updated before running your application in production.

2024-12-05T15:52:07.336Z  INFO 17361 --- [GroupProject] [           main] r$InitializeUserDetailsManagerConfigurer : Global AuthenticationManager configured with UserDetailsService bean with name inMemoryUserDetailsManager
2024-12-05T15:52:08.168Z  INFO 17361 --- [GroupProject] [           main] u.a.u.c.GroupProjectApplicationTests     : Started GroupProjectApplicationTests in 3.867 seconds (process running for 69.361)
]]></system-out>
  </testcase>
</testsuite>